2017-08-29 11:41:56,136 - Log4JLogChute initialized using file 'velocity.log'
2017-08-29 11:41:56,137 - Initializing Velocity, Calling init()...
2017-08-29 11:41:56,137 - Starting Apache Velocity v1.7 (compiled: 2010-11-19 12:14:37)
2017-08-29 11:41:56,137 - Default Properties File: org/apache/velocity/runtime/defaults/velocity.properties
2017-08-29 11:41:56,137 - Trying to use logger class org.apache.velocity.runtime.log.AvalonLogChute
2017-08-29 11:41:56,137 - Target log system for org.apache.velocity.runtime.log.AvalonLogChute is not available (java.lang.NoClassDefFoundError: org/apache/log/format/Formatter).  Falling back to next log system...
2017-08-29 11:41:56,137 - Trying to use logger class org.apache.velocity.runtime.log.Log4JLogChute
2017-08-29 11:41:56,137 - Using logger class org.apache.velocity.runtime.log.Log4JLogChute
2017-08-29 11:41:56,140 - ResourceLoader instantiated: org.knime.gateway.codegen.MyResourceLoader
2017-08-29 11:41:56,150 - ResourceCache: initialized (class org.apache.velocity.runtime.resource.ResourceCacheImpl) with class java.util.Collections$SynchronizedMap cache map.
2017-08-29 11:41:56,151 - Loaded System Directive: org.apache.velocity.runtime.directive.Stop
2017-08-29 11:41:56,153 - Loaded System Directive: org.apache.velocity.runtime.directive.Define
2017-08-29 11:41:56,153 - Loaded System Directive: org.apache.velocity.runtime.directive.Break
2017-08-29 11:41:56,154 - Loaded System Directive: org.apache.velocity.runtime.directive.Evaluate
2017-08-29 11:41:56,155 - Loaded System Directive: org.apache.velocity.runtime.directive.Literal
2017-08-29 11:41:56,156 - Loaded System Directive: org.apache.velocity.runtime.directive.Macro
2017-08-29 11:41:56,157 - Loaded System Directive: org.apache.velocity.runtime.directive.Parse
2017-08-29 11:41:56,159 - Loaded System Directive: org.apache.velocity.runtime.directive.Include
2017-08-29 11:41:56,160 - Loaded System Directive: org.apache.velocity.runtime.directive.Foreach
2017-08-29 11:41:56,193 - Created '20' parsers.
2017-08-29 11:41:56,197 - Velocimacro : "velocimacro.library" is not set.  Trying default library: VM_global_library.vm
2017-08-29 11:41:56,197 - Velocimacro : Default library not found.
2017-08-29 11:41:56,197 - Velocimacro : allowInline = true : VMs can be defined inline in templates
2017-08-29 11:41:56,197 - Velocimacro : allowInlineToOverride = false : VMs defined inline may NOT replace previous VM definitions
2017-08-29 11:41:56,197 - Velocimacro : allowInlineLocal = false : VMs defined inline will be global in scope if allowed.
2017-08-29 11:41:56,197 - Velocimacro : autoload off : VM system will not automatically reload global library macros
2017-08-29 11:41:56,209 - ResourceManager : found ObjectSpecUtil.vm with loader org.knime.gateway.codegen.MyResourceLoader
2017-08-29 11:41:56,235 - Log4JLogChute initialized using file 'velocity.log'
2017-08-29 11:41:56,235 - Log4JLogChute initialized using file 'velocity.log'
2017-08-29 11:41:56,236 - Initializing Velocity, Calling init()...
2017-08-29 11:41:56,236 - Initializing Velocity, Calling init()...
2017-08-29 11:41:56,236 - Starting Apache Velocity v1.7 (compiled: 2010-11-19 12:14:37)
2017-08-29 11:41:56,236 - Starting Apache Velocity v1.7 (compiled: 2010-11-19 12:14:37)
2017-08-29 11:41:56,236 - Default Properties File: org/apache/velocity/runtime/defaults/velocity.properties
2017-08-29 11:41:56,236 - Default Properties File: org/apache/velocity/runtime/defaults/velocity.properties
2017-08-29 11:41:56,236 - Trying to use logger class org.apache.velocity.runtime.log.AvalonLogChute
2017-08-29 11:41:56,236 - Trying to use logger class org.apache.velocity.runtime.log.AvalonLogChute
2017-08-29 11:41:56,236 - Target log system for org.apache.velocity.runtime.log.AvalonLogChute is not available (java.lang.NoClassDefFoundError: org/apache/log/format/Formatter).  Falling back to next log system...
2017-08-29 11:41:56,236 - Target log system for org.apache.velocity.runtime.log.AvalonLogChute is not available (java.lang.NoClassDefFoundError: org/apache/log/format/Formatter).  Falling back to next log system...
2017-08-29 11:41:56,236 - Trying to use logger class org.apache.velocity.runtime.log.Log4JLogChute
2017-08-29 11:41:56,236 - Trying to use logger class org.apache.velocity.runtime.log.Log4JLogChute
2017-08-29 11:41:56,236 - Using logger class org.apache.velocity.runtime.log.Log4JLogChute
2017-08-29 11:41:56,236 - Using logger class org.apache.velocity.runtime.log.Log4JLogChute
2017-08-29 11:41:56,238 - ResourceLoader instantiated: org.apache.velocity.runtime.resource.loader.FileResourceLoader
2017-08-29 11:41:56,238 - ResourceLoader instantiated: org.apache.velocity.runtime.resource.loader.FileResourceLoader
2017-08-29 11:41:56,238 - Do unicode file recognition:  false
2017-08-29 11:41:56,238 - Do unicode file recognition:  false
2017-08-29 11:41:56,238 - FileResourceLoader : adding path '/'
2017-08-29 11:41:56,238 - FileResourceLoader : adding path '/'
2017-08-29 11:41:56,238 - ResourceCache: initialized (class org.apache.velocity.runtime.resource.ResourceCacheImpl) with class java.util.Collections$SynchronizedMap cache map.
2017-08-29 11:41:56,238 - ResourceCache: initialized (class org.apache.velocity.runtime.resource.ResourceCacheImpl) with class java.util.Collections$SynchronizedMap cache map.
2017-08-29 11:41:56,239 - Loaded System Directive: org.apache.velocity.runtime.directive.Stop
2017-08-29 11:41:56,239 - Loaded System Directive: org.apache.velocity.runtime.directive.Stop
2017-08-29 11:41:56,239 - Loaded System Directive: org.apache.velocity.runtime.directive.Define
2017-08-29 11:41:56,239 - Loaded System Directive: org.apache.velocity.runtime.directive.Define
2017-08-29 11:41:56,239 - Loaded System Directive: org.apache.velocity.runtime.directive.Break
2017-08-29 11:41:56,239 - Loaded System Directive: org.apache.velocity.runtime.directive.Break
2017-08-29 11:41:56,239 - Loaded System Directive: org.apache.velocity.runtime.directive.Evaluate
2017-08-29 11:41:56,239 - Loaded System Directive: org.apache.velocity.runtime.directive.Evaluate
2017-08-29 11:41:56,239 - Loaded System Directive: org.apache.velocity.runtime.directive.Literal
2017-08-29 11:41:56,239 - Loaded System Directive: org.apache.velocity.runtime.directive.Literal
2017-08-29 11:41:56,239 - Loaded System Directive: org.apache.velocity.runtime.directive.Macro
2017-08-29 11:41:56,239 - Loaded System Directive: org.apache.velocity.runtime.directive.Macro
2017-08-29 11:41:56,239 - Loaded System Directive: org.apache.velocity.runtime.directive.Parse
2017-08-29 11:41:56,239 - Loaded System Directive: org.apache.velocity.runtime.directive.Parse
2017-08-29 11:41:56,239 - Loaded System Directive: org.apache.velocity.runtime.directive.Include
2017-08-29 11:41:56,239 - Loaded System Directive: org.apache.velocity.runtime.directive.Include
2017-08-29 11:41:56,239 - Loaded System Directive: org.apache.velocity.runtime.directive.Foreach
2017-08-29 11:41:56,239 - Loaded System Directive: org.apache.velocity.runtime.directive.Foreach
2017-08-29 11:41:56,255 - Created '20' parsers.
2017-08-29 11:41:56,255 - Created '20' parsers.
2017-08-29 11:41:56,255 - Velocimacro : "velocimacro.library" is not set.  Trying default library: VM_global_library.vm
2017-08-29 11:41:56,255 - Velocimacro : "velocimacro.library" is not set.  Trying default library: VM_global_library.vm
2017-08-29 11:41:56,255 - Velocimacro : Default library not found.
2017-08-29 11:41:56,255 - Velocimacro : Default library not found.
2017-08-29 11:41:56,255 - Velocimacro : allowInline = true : VMs can be defined inline in templates
2017-08-29 11:41:56,255 - Velocimacro : allowInline = true : VMs can be defined inline in templates
2017-08-29 11:41:56,255 - Velocimacro : allowInlineToOverride = false : VMs defined inline may NOT replace previous VM definitions
2017-08-29 11:41:56,255 - Velocimacro : allowInlineToOverride = false : VMs defined inline may NOT replace previous VM definitions
2017-08-29 11:41:56,255 - Velocimacro : allowInlineLocal = false : VMs defined inline will be global in scope if allowed.
2017-08-29 11:41:56,255 - Velocimacro : allowInlineLocal = false : VMs defined inline will be global in scope if allowed.
2017-08-29 11:41:56,255 - Velocimacro : autoload off : VM system will not automatically reload global library macros
2017-08-29 11:41:56,255 - Velocimacro : autoload off : VM system will not automatically reload global library macros
2017-08-29 11:41:56,259 - ResourceManager : found /home/hornm/dev-knime/workspace-AP-6062/knime-core/org.knime.gateway.jsonrpc.local/src-gen/spec/JsonRpcServiceClass.vm with loader org.apache.velocity.runtime.resource.loader.FileResourceLoader
2017-08-29 11:41:56,269 - ResourceManager : found /home/hornm/dev-knime/workspace-AP-6062/knime-core/org.knime.gateway.jsonrpc.local/src-gen/spec/JsonRpcServiceClass.vm with loader org.apache.velocity.runtime.resource.loader.FileResourceLoader
2017-08-29 11:41:56,272 - ResourceManager : found /home/hornm/dev-knime/workspace-AP-6062/knime-core/org.knime.gateway.jsonrpc.local/src-gen/spec/JsonRpcServiceClass.vm with loader org.apache.velocity.runtime.resource.loader.FileResourceLoader
2017-08-29 11:41:56,277 - ResourceManager : found /home/hornm/dev-knime/workspace-AP-6062/knime-core/org.knime.gateway.jsonrpc.local/src-gen/spec/JsonRpcServiceClass.vm with loader org.apache.velocity.runtime.resource.loader.FileResourceLoader
2017-08-29 11:41:56,281 - ResourceManager : found /home/hornm/dev-knime/workspace-AP-6062/knime-core/org.knime.gateway.jsonrpc.local/src-gen/spec/JsonRpcServiceClass.vm with loader org.apache.velocity.runtime.resource.loader.FileResourceLoader
2017-08-29 11:41:56,283 - ResourceManager : found /home/hornm/dev-knime/workspace-AP-6062/knime-core/org.knime.gateway.jsonrpc.local/src-gen/spec/JsonRpcServiceClass.vm with loader org.apache.velocity.runtime.resource.loader.FileResourceLoader
